#
# A fatal error has been detected by the Java Runtime Environment:
#
#  EXCEPTION_ACCESS_VIOLATION (0xc0000005) at pc=0x000000006a6daa30, pid=5144, tid=0x0000000000001080
#
# JRE version: OpenJDK Runtime Environment (8.0_152-b02) (build 1.8.0_152-release-1024-b02)
# Java VM: OpenJDK 64-Bit Server VM (25.152-b02 mixed mode windows-amd64 compressed oops)
# Problematic frame:
# V  [jvm.dll+0x8aa30]
#
# Failed to write core dump. Minidumps are not enabled by default on client versions of Windows
#
# If you would like to submit a bug report, please visit:
#   http://bugreport.java.com/bugreport/crash.jsp
#

---------------  T H R E A D  ---------------

Current thread (0x0000000001e0b800):  GCTaskThread [stack: 0x0000000002070000,0x0000000002170000] [id=4224]

siginfo: ExceptionCode=0xc0000005, reading address 0x000000000000001d

Registers:
RAX=0x0000000000000000, RBX=0x00000000f468d10b, RCX=0x00000000f468d10b, RDX=0x0000000000000015
RSP=0x000000000216f7b8, RBP=0x0000000000000000, RSI=0x0000000055fc5c80, RDI=0x0000000065664500
R8 =0x0000000055fc5c80, R9 =0x00000000f468d10b, R10=0x0000000000000002, R11=0x000000000216f8d0
R12=0x000000006ac66228, R13=0x99d7000000000000, R14=0x0000000000000000, R15=0x0000000001e056a0
RIP=0x000000006a6daa30, EFLAGS=0x0000000000010202

Top of Stack: (sp=0x000000000216f7b8)
0x000000000216f7b8:   000000006aa1cc82 00000000f9d008a0
0x000000000216f7c8:   0000000000000004 0000000055fc5c80
0x000000000216f7d8:   000000006a716f20 00000000f4c52bf8
0x000000000216f7e8:   000000006aa1d3cb 00000000f462c4e8
0x000000000216f7f8:   0000000000000000 0000000000000000
0x000000000216f808:   0000000001e0c101 000000006ac66228
0x000000000216f818:   000000006aa1cff0 00000000f4b6ab28
0x000000000216f828:   0000000000000000 0000000055fc5c80
0x000000000216f838:   0000000065664500 00000000f4b6ab28
0x000000000216f848:   000000006aa1d9c5 000000000000000d
0x000000000216f858:   000000006a9ec713 00000000f4b6ab2c
0x000000000216f868:   000000006a73d883 00000000f4b6ab29
0x000000000216f878:   00000000f4b6ab29 00068b99000137b2
0x000000000216f888:   00066ceb0001b235 0000000065664440
0x000000000216f898:   000000006aa1d3cb 00068b99000137b3
0x000000000216f8a8:   00056f580001f851 0000000001e05690 

Instructions: (pc=0x000000006a6daa30)
0x000000006a6daa10:   6c 4e 1d 00 48 8b 9c 24 c0 00 00 00 48 81 c4 b0
0x000000006a6daa20:   00 00 00 5d c3 cc cc cc cc cc cc cc cc cc cc cc
0x000000006a6daa30:   44 8b 42 08 4c 8b ca 45 85 c0 7e 0e 41 f6 c0 01
0x000000006a6daa40:   75 57 41 c1 f8 03 41 8b c0 c3 79 4d 80 3d 7e fe 


Register to memory mapping:

RAX=0x0000000000000000 is an unknown value
RBX=0x00000000f468d10b is an unknown value
RCX=0x00000000f468d10b is an unknown value
RDX=0x0000000000000015 is an unknown value
RSP=0x000000000216f7b8 is an unknown value
RBP=0x0000000000000000 is an unknown value
RSI=0x0000000055fc5c80 is an unknown value
RDI=0x0000000065664500 is an unknown value
R8 =0x0000000055fc5c80 is an unknown value
R9 =0x00000000f468d10b is an unknown value
R10=0x0000000000000002 is an unknown value
R11=0x000000000216f8d0 is an unknown value
R12=0x000000006ac66228 is an unknown value
R13=0x99d7000000000000 is an unknown value
R14=0x0000000000000000 is an unknown value
R15=0x0000000001e056a0 is an unknown value


Stack: [0x0000000002070000,0x0000000002170000],  sp=0x000000000216f7b8,  free space=1021k
Native frames: (J=compiled Java code, j=interpreted, Vv=VM code, C=native code)


---------------  P R O C E S S  ---------------

Java Threads: ( => current thread )
  0x0000000058a32000 JavaThread "Task worker for ':' Thread 3" [_thread_blocked, id=312, stack(0x000000005a600000,0x000000005a700000)]
  0x0000000058a38000 JavaThread "Task worker for ':' Thread 2" [_thread_blocked, id=8436, stack(0x0000000066f20000,0x0000000067020000)]
  0x0000000058a37800 JavaThread "Task worker for ':'" [_thread_blocked, id=8788, stack(0x00000000665a0000,0x00000000666a0000)]
  0x0000000058a36000 JavaThread "Cache worker for Build Output Cleanup Cache (D:\Raghubeer_Singh_virk\My_Projects\sellah App\Code\Sellah_latest\sellah\.gradle\buildOutputCleanup)" [_thread_blocked, id=8992, stack(0x000000005a990000,0x000000005aa90000)]
  0x0000000058a33800 JavaThread "Cache worker for task history cache (D:\Raghubeer_Singh_virk\My_Projects\sellah App\Code\Sellah_latest\sellah\.gradle\4.6\taskHistory)" [_thread_blocked, id=1608, stack(0x0000000064f80000,0x0000000065080000)]
  0x0000000062708000 JavaThread "Cache worker for file content cache (D:\Raghubeer_Singh_virk\My_Projects\sellah App\Code\Sellah_latest\sellah\.gradle\4.6\fileContent)" [_thread_blocked, id=4840, stack(0x00000000639f0000,0x0000000063af0000)]
  0x0000000062707000 JavaThread "Build operations Thread 4" [_thread_blocked, id=8448, stack(0x0000000064b50000,0x0000000064c50000)]
  0x000000006270b000 JavaThread "Build operations Thread 3" [_thread_blocked, id=8424, stack(0x0000000063f30000,0x0000000064030000)]
  0x000000006270b800 JavaThread "Build operations Thread 2" [_thread_blocked, id=2108, stack(0x0000000064030000,0x0000000064130000)]
  0x000000006270c800 JavaThread "Build operations" [_thread_blocked, id=3136, stack(0x00000000638f0000,0x00000000639f0000)]
  0x0000000062708800 JavaThread "Cache worker for Artifact transforms cache (C:\Users\admin\.gradle\caches\transforms-1)" [_thread_blocked, id=8928, stack(0x00000000634e0000,0x00000000635e0000)]
  0x000000005ebb7000 JavaThread "Cache worker for file hash cache (D:\Raghubeer_Singh_virk\My_Projects\sellah App\Code\Sellah_latest\sellah\.gradle\4.6\fileHashes)" [_thread_blocked, id=8700, stack(0x0000000062fd0000,0x00000000630d0000)]
  0x000000005ebb5800 JavaThread "Stdin handler" [_thread_blocked, id=7784, stack(0x000000005ff30000,0x0000000060030000)]
  0x000000005ebb2800 JavaThread "Asynchronous log dispatcher for DefaultDaemonConnection: socket connection from /127.0.0.1:49522 to /127.0.0.1:51331" [_thread_blocked, id=7284, stack(0x0000000060060000,0x0000000060160000)]
  0x000000005b184000 JavaThread "Daemon worker Thread 39" [_thread_blocked, id=6240, stack(0x000000005f9f0000,0x000000005faf0000)]
  0x000000005b189800 JavaThread "Cancel handler" [_thread_blocked, id=4256, stack(0x000000005af50000,0x000000005b050000)]
  0x000000005b185000 JavaThread "Handler for socket connection from /127.0.0.1:49522 to /127.0.0.1:51331" [_thread_in_native, id=8784, stack(0x000000005a890000,0x000000005a990000)]
  0x000000005b18a000 JavaThread "Daemon Thread 39" [_thread_blocked, id=6876, stack(0x000000005a220000,0x000000005a320000)]
  0x000000005b185800 JavaThread "pool-1-thread-1" [_thread_blocked, id=6896, stack(0x0000000063320000,0x0000000063420000)]
  0x000000005ba69800 JavaThread "Memory manager" [_thread_blocked, id=9196, stack(0x0000000060a50000,0x0000000060b50000)]
  0x00000000594b9800 JavaThread "File lock request listener" [_thread_in_native, id=8600, stack(0x000000005aca0000,0x000000005ada0000)]
  0x00000000594d8000 JavaThread "Cache worker for file hash cache (C:\Users\admin\.gradle\caches\4.6\fileHashes)" [_thread_blocked, id=1472, stack(0x000000005ae00000,0x000000005af00000)]
  0x0000000059287800 JavaThread "Daemon periodic checks" [_thread_blocked, id=8352, stack(0x000000005a0b0000,0x000000005a1b0000)]
  0x0000000059277000 JavaThread "Incoming local TCP Connector on port 49522" [_thread_in_native, id=8344, stack(0x0000000059e90000,0x0000000059f90000)]
  0x000000005795f800 JavaThread "Service Thread" daemon [_thread_blocked, id=3324, stack(0x0000000057550000,0x0000000057650000)]
  0x00000000578eb000 JavaThread "C1 CompilerThread2" daemon [_thread_blocked, id=8760, stack(0x0000000058000000,0x0000000058100000)]
  0x00000000578e1000 JavaThread "C2 CompilerThread1" daemon [_thread_blocked, id=1048, stack(0x0000000057db0000,0x0000000057eb0000)]
  0x000000005603e800 JavaThread "C2 CompilerThread0" daemon [_thread_blocked, id=4580, stack(0x00000000577e0000,0x00000000578e0000)]
  0x000000005603d000 JavaThread "Attach Listener" daemon [_thread_blocked, id=9040, stack(0x0000000057650000,0x0000000057750000)]
  0x000000005603b800 JavaThread "Signal Dispatcher" daemon [_thread_blocked, id=8304, stack(0x00000000573d0000,0x00000000574d0000)]
  0x0000000056019800 JavaThread "Finalizer" daemon [_thread_blocked, id=8280, stack(0x0000000057290000,0x0000000057390000)]
  0x0000000055fd2800 JavaThread "Reference Handler" daemon [_thread_blocked, id=8716, stack(0x0000000057110000,0x0000000057210000)]
  0x00000000002ee000 JavaThread "main" [_thread_blocked, id=6960, stack(0x00000000021f0000,0x00000000022f0000)]

Other Threads:
  0x0000000055fc9000 VMThread [stack: 0x0000000056f70000,0x0000000057070000] [id=8720]
  0x0000000057960800 WatcherThread [stack: 0x0000000058170000,0x0000000058270000] [id=8376]

=>0x0000000001e0b800 (exited) GCTaskThread [stack: 0x0000000002070000,0x0000000002170000] [id=4224]

VM state:at safepoint (normal execution)

VM Mutex/Monitor currently owned by a thread:  ([mutex/lock_event])
[0x00000000002ec730] Threads_lock - owner thread: 0x0000000055fc9000
[0x00000000002ecc30] Heap_lock - owner thread: 0x0000000058a37800

Heap:
 PSYoungGen      total 423936K, used 332352K [0x00000000e0000000, 0x00000000ff680000, 0x0000000100000000)
  eden space 332288K, 100% used [0x00000000e0000000,0x00000000f4480000,0x00000000f4480000)
  from space 91648K, 0% used [0x00000000f9d00000,0x00000000f9d10000,0x00000000ff680000)
  to   space 90624K, 8% used [0x00000000f4480000,0x00000000f4c5abf8,0x00000000f9d00000)
 ParOldGen       total 507904K, used 270798K [0x00000000a0000000, 0x00000000bf000000, 0x00000000e0000000)
  object space 507904K, 53% used [0x00000000a0000000,0x00000000b0873b48,0x00000000bf000000)
 Metaspace       used 107772K, capacity 116568K, committed 118912K, reserved 1153024K
  class space    used 13102K, capacity 14740K, committed 15232K, reserved 1048576K

Card table byte_map: [0x0000000011980000,0x0000000011c90000] byte_map_base: 0x0000000011480000

Marking Bits: (ParMarkBitMap*) 0x000000006ae14970
 Begin Bits: [0x0000000012340000, 0x0000000013b40000)
 End Bits:   [0x0000000013b40000, 0x0000000015340000)

Polling page: 0x0000000000230000

CodeCache: size=245760Kb used=125103Kb max_used=125103Kb free=120656Kb
 bounds [0x00000000025c0000, 0x000000000a0b0000, 0x00000000115c0000]
 total_blobs=31331 nmethods=30414 adapters=827
 compilation: enabled

Compilation events (10 events):
Event: 24272.139 Thread 0x00000000578eb000 50439       3       org.gradle.cache.internal.LockOnDemandCrossProcessCacheAccess$UnlockAction::<init> (10 bytes)
Event: 24272.139 Thread 0x00000000578eb000 nmethod 50439 0x000000000a09c810 code [0x000000000a09c960, 0x000000000a09cb30]
Event: 24272.139 Thread 0x00000000578eb000 50440       3       org.gradle.cache.internal.LockOnDemandCrossProcessCacheAccess$ContendedAction::<init> (6 bytes)
Event: 24272.140 Thread 0x00000000578eb000 nmethod 50440 0x000000000a09c390 code [0x000000000a09c500, 0x000000000a09c730]
Event: 24272.140 Thread 0x00000000578eb000 50441       3       org.gradle.cache.internal.LockOnDemandCrossProcessCacheAccess$ContendedAction::<init> (10 bytes)
Event: 24272.140 Thread 0x00000000578eb000 nmethod 50441 0x000000000a09bfd0 code [0x000000000a09c120, 0x000000000a09c2f0]
Event: 24272.140 Thread 0x00000000578eb000 50442       3       org.gradle.cache.internal.LockOnDemandCrossProcessCacheAccess::open (1 bytes)
Event: 24272.140 Thread 0x00000000578eb000 nmethod 50442 0x000000000a0a2610 code [0x000000000a0a2760, 0x000000000a0a28b0]
Event: 24272.143 Thread 0x00000000578eb000 50443       3       java.util.concurrent.ArrayBlockingQueue::<init> (64 bytes)
Event: 24272.144 Thread 0x00000000578eb000 nmethod 50443 0x000000000a0a0a90 code [0x000000000a0a0ce0, 0x000000000a0a1c88]

GC Heap History (10 events):
Event: 24109.763 GC heap after
Heap after GC invocations=540 (full 36):
 PSYoungGen      total 422912K, used 64K [0x00000000e0000000, 0x00000000fff80000, 0x0000000100000000)
  eden space 322048K, 0% used [0x00000000e0000000,0x00000000e0000000,0x00000000f3a80000)
  from space 100864K, 0% used [0x00000000f9d00000,0x00000000f9d10000,0x00000000fff80000)
  to   space 100864K, 0% used [0x00000000f3a80000,0x00000000f3a80000,0x00000000f9d00000)
 ParOldGen       total 507904K, used 270646K [0x00000000a0000000, 0x00000000bf000000, 0x00000000e0000000)
  object space 507904K, 53% used [0x00000000a0000000,0x00000000b084db48,0x00000000bf000000)
 Metaspace       used 107711K, capacity 116500K, committed 118912K, reserved 1153024K
  class space    used 13102K, capacity 14740K, committed 15232K, reserved 1048576K
}
Event: 24109.789 GC heap before
{Heap before GC invocations=541 (full 36):
 PSYoungGen      total 422912K, used 321609K [0x00000000e0000000, 0x00000000fff80000, 0x0000000100000000)
  eden space 322048K, 99% used [0x00000000e0000000,0x00000000f3a02668,0x00000000f3a80000)
  from space 100864K, 0% used [0x00000000f9d00000,0x00000000f9d10000,0x00000000fff80000)
  to   space 100864K, 0% used [0x00000000f3a80000,0x00000000f3a80000,0x00000000f9d00000)
 ParOldGen       total 507904K, used 270646K [0x00000000a0000000, 0x00000000bf000000, 0x00000000e0000000)
  object space 507904K, 53% used [0x00000000a0000000,0x00000000b084db48,0x00000000bf000000)
 Metaspace       used 107711K, capacity 116500K, committed 118912K, reserved 1153024K
  class space    used 13102K, capacity 14740K, committed 15232K, reserved 1048576K
Event: 24109.792 GC heap after
Heap after GC invocations=541 (full 36):
 PSYoungGen      total 322560K, used 64K [0x00000000e0000000, 0x00000000ffc00000, 0x0000000100000000)
  eden space 322048K, 0% used [0x00000000e0000000,0x00000000e0000000,0x00000000f3a80000)
  from space 512K, 12% used [0x00000000f3a80000,0x00000000f3a90000,0x00000000f3b00000)
  to   space 98816K, 0% used [0x00000000f9b80000,0x00000000f9b80000,0x00000000ffc00000)
 ParOldGen       total 507904K, used 270678K [0x00000000a0000000, 0x00000000bf000000, 0x00000000e0000000)
  object space 507904K, 53% used [0x00000000a0000000,0x00000000b0855b48,0x00000000bf000000)
 Metaspace       used 107711K, capacity 116500K, committed 118912K, reserved 1153024K
  class space    used 13102K, capacity 14740K, committed 15232K, reserved 1048576K
}
Event: 24109.821 GC heap before
{Heap before GC invocations=542 (full 36):
 PSYoungGen      total 322560K, used 322070K [0x00000000e0000000, 0x00000000ffc00000, 0x0000000100000000)
  eden space 322048K, 99% used [0x00000000e0000000,0x00000000f3a75918,0x00000000f3a80000)
  from space 512K, 12% used [0x00000000f3a80000,0x00000000f3a90000,0x00000000f3b00000)
  to   space 98816K, 0% used [0x00000000f9b80000,0x00000000f9b80000,0x00000000ffc00000)
 ParOldGen       total 507904K, used 270678K [0x00000000a0000000, 0x00000000bf000000, 0x00000000e0000000)
  object space 507904K, 53% used [0x00000000a0000000,0x00000000b0855b48,0x00000000bf000000)
 Metaspace       used 107711K, capacity 116500K, committed 118912K, reserved 1153024K
  class space    used 13102K, capacity 14740K, committed 15232K, reserved 1048576K
Event: 24109.825 GC heap after
Heap after GC invocations=542 (full 36):
 PSYoungGen      total 423424K, used 64K [0x00000000e0000000, 0x0000000100000000, 0x0000000100000000)
  eden space 324608K, 0% used [0x00000000e0000000,0x00000000e0000000,0x00000000f3d00000)
  from space 98816K, 0% used [0x00000000f9b80000,0x00000000f9b90000,0x00000000ffc00000)
  to   space 96768K, 0% used [0x00000000f3d00000,0x00000000f3d00000,0x00000000f9b80000)
 ParOldGen       total 507904K, used 270710K [0x00000000a0000000, 0x00000000bf000000, 0x00000000e0000000)
  object space 507904K, 53% used [0x00000000a0000000,0x00000000b085db48,0x00000000bf000000)
 Metaspace       used 107711K, capacity 116500K, committed 118912K, reserved 1153024K
  class space    used 13102K, capacity 14740K, committed 15232K, reserved 1048576K
}
Event: 24109.854 GC heap before
{Heap before GC invocations=543 (full 36):
 PSYoungGen      total 423424K, used 324456K [0x00000000e0000000, 0x0000000100000000, 0x0000000100000000)
  eden space 324608K, 99% used [0x00000000e0000000,0x00000000f3cca240,0x00000000f3d00000)
  from space 98816K, 0% used [0x00000000f9b80000,0x00000000f9b90000,0x00000000ffc00000)
  to   space 96768K, 0% used [0x00000000f3d00000,0x00000000f3d00000,0x00000000f9b80000)
 ParOldGen       total 507904K, used 270710K [0x00000000a0000000, 0x00000000bf000000, 0x00000000e0000000)
  object space 507904K, 53% used [0x00000000a0000000,0x00000000b085db48,0x00000000bf000000)
 Metaspace       used 107711K, capacity 116500K, committed 118912K, reserved 1153024K
  class space    used 13102K, capacity 14740K, committed 15232K, reserved 1048576K
Event: 24109.858 GC heap after
Heap after GC invocations=543 (full 36):
 PSYoungGen      total 421376K, used 64K [0x00000000e0000000, 0x00000000ff900000, 0x0000000100000000)
  eden space 324608K, 0% used [0x00000000e0000000,0x00000000e0000000,0x00000000f3d00000)
  from space 96768K, 0% used [0x00000000f3d00000,0x00000000f3d10000,0x00000000f9b80000)
  to   space 94208K, 0% used [0x00000000f9d00000,0x00000000f9d00000,0x00000000ff900000)
 ParOldGen       total 507904K, used 270742K [0x00000000a0000000, 0x00000000bf000000, 0x00000000e0000000)
  object space 507904K, 53% used [0x00000000a0000000,0x00000000b0865b48,0x00000000bf000000)
 Metaspace       used 107711K, capacity 116500K, committed 118912K, reserved 1153024K
  class space    used 13102K, capacity 14740K, committed 15232K, reserved 1048576K
}
Event: 24109.886 GC heap before
{Heap before GC invocations=544 (full 36):
 PSYoungGen      total 421376K, used 324652K [0x00000000e0000000, 0x00000000ff900000, 0x0000000100000000)
  eden space 324608K, 99% used [0x00000000e0000000,0x00000000f3cfb1e8,0x00000000f3d00000)
  from space 96768K, 0% used [0x00000000f3d00000,0x00000000f3d10000,0x00000000f9b80000)
  to   space 94208K, 0% used [0x00000000f9d00000,0x00000000f9d00000,0x00000000ff900000)
 ParOldGen       total 507904K, used 270742K [0x00000000a0000000, 0x00000000bf000000, 0x00000000e0000000)
  object space 507904K, 53% used [0x00000000a0000000,0x00000000b0865b48,0x00000000bf000000)
 Metaspace       used 107711K, capacity 116500K, committed 118912K, reserved 1153024K
  class space    used 13102K, capacity 14740K, committed 15232K, reserved 1048576K
Event: 24109.890 GC heap after
Heap after GC invocations=544 (full 36):
 PSYoungGen      total 423936K, used 64K [0x00000000e0000000, 0x00000000ff680000, 0x0000000100000000)
  eden space 332288K, 0% used [0x00000000e0000000,0x00000000e0000000,0x00000000f4480000)
  from space 91648K, 0% used [0x00000000f9d00000,0x00000000f9d10000,0x00000000ff680000)
  to   space 90624K, 0% used [0x00000000f4480000,0x00000000f4480000,0x00000000f9d00000)
 ParOldGen       total 507904K, used 270766K [0x00000000a0000000, 0x00000000bf000000, 0x00000000e0000000)
  object space 507904K, 53% used [0x00000000a0000000,0x00000000b086bb48,0x00000000bf000000)
 Metaspace       used 107711K, capacity 116500K, committed 118912K, reserved 1153024K
  class space    used 13102K, capacity 14740K, committed 15232K, reserved 1048576K
}
Event: 24272.151 GC heap before
{Heap before GC invocations=545 (full 36):
 PSYoungGen      total 423936K, used 332352K [0x00000000e0000000, 0x00000000ff680000, 0x0000000100000000)
  eden space 332288K, 100% used [0x00000000e0000000,0x00000000f4480000,0x00000000f4480000)
  from space 91648K, 0% used [0x00000000f9d00000,0x00000000f9d10000,0x00000000ff680000)
  to   space 90624K, 0% used [0x00000000f4480000,0x00000000f4480000,0x00000000f9d00000)
 ParOldGen       total 507904K, used 270766K [0x00000000a0000000, 0x00000000bf000000, 0x00000000e0000000)
  object space 507904K, 53% used [0x00000000a0000000,0x00000000b086bb48,0x00000000bf000000)
 Metaspace       used 107772K, capacity 116568K, committed 118912K, reserved 1153024K
  class space    used 13102K, capacity 14740K, committed 15232K, reserved 1048576K

Deoptimization events (10 events):
Event: 23607.048 Thread 0x0000000058a32000 Uncommon trap: reason=bimorphic action=maybe_recompile pc=0x00000000096d4c04 method=org.objectweb.asm.tree.AnnotationNode.accept(Lorg/objectweb/asm/AnnotationVisitor;)V @ 68
Event: 23607.048 Thread 0x0000000058a32000 Uncommon trap: reason=unstable_if action=reinterpret pc=0x0000000009d0b678 method=org.objectweb.asm.util.Printer.printList(Ljava/io/PrintWriter;Ljava/util/List;)V @ 24
Event: 23607.048 Thread 0x0000000058a32000 Uncommon trap: reason=bimorphic action=maybe_recompile pc=0x00000000096d5060 method=org.objectweb.asm.tree.AnnotationNode.accept(Lorg/objectweb/asm/AnnotationVisitor;)V @ 68
Event: 23607.049 Thread 0x0000000058a32000 Uncommon trap: reason=bimorphic action=maybe_recompile pc=0x00000000096d5060 method=org.objectweb.asm.tree.AnnotationNode.accept(Lorg/objectweb/asm/AnnotationVisitor;)V @ 68
Event: 24058.086 Thread 0x000000005ba66800 Uncommon trap: reason=unstable_if action=reinterpret pc=0x0000000009b4ea34 method=com.squareup.javapoet.CodeBlock$Builder.isNoArgPlaceholder(C)Z @ 21
Event: 24058.086 Thread 0x000000005ba66800 Uncommon trap: reason=unstable_if action=reinterpret pc=0x000000000993363c method=com.squareup.javapoet.CodeBlock$Builder.isNoArgPlaceholder(C)Z @ 27
Event: 24058.110 Thread 0x000000005ba66800 Uncommon trap: reason=bimorphic action=maybe_recompile pc=0x0000000009dc80b4 method=com.squareup.javapoet.LineWrapper.append(Ljava/lang/String;)V @ 110
Event: 24058.110 Thread 0x000000005ba66800 Uncommon trap: reason=bimorphic action=maybe_recompile pc=0x0000000009dc80b4 method=com.squareup.javapoet.LineWrapper.append(Ljava/lang/String;)V @ 110
Event: 24058.110 Thread 0x000000005ba66800 Uncommon trap: reason=bimorphic action=maybe_recompile pc=0x0000000009dc80b4 method=com.squareup.javapoet.LineWrapper.append(Ljava/lang/String;)V @ 110
Event: 24058.110 Thread 0x000000005ba66800 Uncommon trap: reason=bimorphic action=maybe_recompile pc=0x0000000009dc80b4 method=com.squareup.javapoet.LineWrapper.append(Ljava/lang/String;)V @ 110

Classes redefined (0 events):
No events

Internal exceptions (10 events):
Event: 24271.984 Thread 0x000000005b184000 Exception <a 'sun/nio/fs/WindowsException'> (0x00000000f1c48870) thrown at [D:\src\AOSP-openjdk-cygwin\jdk8u\hotspot\src\share\vm\prims\jni.cpp, line 709]
Event: 24271.984 Thread 0x000000005b184000 Exception <a 'sun/nio/fs/WindowsException'> (0x00000000f1c491a0) thrown at [D:\src\AOSP-openjdk-cygwin\jdk8u\hotspot\src\share\vm\prims\jni.cpp, line 709]
Event: 24271.984 Thread 0x000000005b184000 Exception <a 'sun/nio/fs/WindowsException'> (0x00000000f1c4ad18) thrown at [D:\src\AOSP-openjdk-cygwin\jdk8u\hotspot\src\share\vm\prims\jni.cpp, line 709]
Event: 24271.984 Thread 0x000000005b184000 Exception <a 'sun/nio/fs/WindowsException'> (0x00000000f1c4b668) thrown at [D:\src\AOSP-openjdk-cygwin\jdk8u\hotspot\src\share\vm\prims\jni.cpp, line 709]
Event: 24271.984 Thread 0x000000005b184000 Exception <a 'sun/nio/fs/WindowsException'> (0x00000000f1c50b48) thrown at [D:\src\AOSP-openjdk-cygwin\jdk8u\hotspot\src\share\vm\prims\jni.cpp, line 709]
Event: 24271.984 Thread 0x000000005b184000 Exception <a 'sun/nio/fs/WindowsException'> (0x00000000f1c51478) thrown at [D:\src\AOSP-openjdk-cygwin\jdk8u\hotspot\src\share\vm\prims\jni.cpp, line 709]
Event: 24271.984 Thread 0x000000005b184000 Exception <a 'sun/nio/fs/WindowsException'> (0x00000000f1c52ff0) thrown at [D:\src\AOSP-openjdk-cygwin\jdk8u\hotspot\src\share\vm\prims\jni.cpp, line 709]
Event: 24271.984 Thread 0x000000005b184000 Exception <a 'sun/nio/fs/WindowsException'> (0x00000000f1c53930) thrown at [D:\src\AOSP-openjdk-cygwin\jdk8u\hotspot\src\share\vm\prims\jni.cpp, line 709]
Event: 24272.020 Thread 0x000000005b184000 Exception <a 'sun/nio/fs/WindowsException'> (0x00000000f21b41f8) thrown at [D:\src\AOSP-openjdk-cygwin\jdk8u\hotspot\src\share\vm\prims\jni.cpp, line 709]
Event: 24272.088 Thread 0x000000005b184000 Exception <a 'sun/nio/fs/WindowsException'> (0x00000000f2501ec8) thrown at [D:\src\AOSP-openjdk-cygwin\jdk8u\hotspot\src\share\vm\prims\jni.cpp, line 709]

Events (10 events):
Event: 24271.936 Executing VM operation: RevokeBias done
Event: 24272.005 Executing VM operation: ForceSafepoint
Event: 24272.005 Executing VM operation: ForceSafepoint done
Event: 24272.124 Thread 0x0000000062708000 Thread added: 0x0000000062708000
Event: 24272.139 Thread 0x0000000058a33800 Thread added: 0x0000000058a33800
Event: 24272.143 Thread 0x0000000058a36000 Thread added: 0x0000000058a36000
Event: 24272.150 Thread 0x0000000058a37800 Thread added: 0x0000000058a37800
Event: 24272.150 Thread 0x0000000058a38000 Thread added: 0x0000000058a38000
Event: 24272.150 Executing VM operation: ParallelGCFailedAllocation
Event: 24272.150 Thread 0x0000000058a32000 Thread added: 0x0000000058a32000


Dynamic libraries:
0x000000013f110000 - 0x000000013f141000 	C:\Program Files\Android\Android Studio\jre\bin\java.exe
0x00000000773c0000 - 0x000000007756b000 	C:\Windows\SYSTEM32\ntdll.dll
0x00000000772a0000 - 0x00000000773bf000 	C:\Windows\system32\kernel32.dll
0x000007fefd680000 - 0x000007fefd6eb000 	C:\Windows\system32\KERNELBASE.dll
0x000007fefdc10000 - 0x000007fefdceb000 	C:\Windows\system32\ADVAPI32.dll
0x000007feff630000 - 0x000007feff6cf000 	C:\Windows\system32\msvcrt.dll
0x000007feff460000 - 0x000007feff47f000 	C:\Windows\SYSTEM32\sechost.dll
0x000007fefdad0000 - 0x000007fefdbfe000 	C:\Windows\system32\RPCRT4.dll
0x00000000771a0000 - 0x000000007729a000 	C:\Windows\system32\USER32.dll
0x000007fefde30000 - 0x000007fefde97000 	C:\Windows\system32\GDI32.dll
0x000007fefde20000 - 0x000007fefde2e000 	C:\Windows\system32\LPK.dll
0x000007feff480000 - 0x000007feff54a000 	C:\Windows\system32\USP10.dll
0x000007fefbfa0000 - 0x000007fefc194000 	C:\Windows\WinSxS\amd64_microsoft.windows.common-controls_6595b64144ccf1df_6.0.7600.16385_none_fa645303170382f6\COMCTL32.dll
0x000007fefd910000 - 0x000007fefd981000 	C:\Windows\system32\SHLWAPI.dll
0x000007fefd990000 - 0x000007fefd9be000 	C:\Windows\system32\IMM32.DLL
0x000007fefd9c0000 - 0x000007fefdac9000 	C:\Windows\system32\MSCTF.dll
0x000000006fb90000 - 0x000000006fc62000 	C:\Program Files\Android\Android Studio\jre\jre\bin\msvcr100.dll
0x000000006a650000 - 0x000000006ae8f000 	C:\Program Files\Android\Android Studio\jre\jre\bin\server\jvm.dll
0x000007fefb250000 - 0x000007fefb259000 	C:\Windows\system32\WSOCK32.dll
0x000007fefdec0000 - 0x000007fefdf0d000 	C:\Windows\system32\WS2_32.dll
0x000007fefdc00000 - 0x000007fefdc08000 	C:\Windows\system32\NSI.dll
0x000007fef8640000 - 0x000007fef867b000 	C:\Windows\system32\WINMM.dll
0x000007fefc490000 - 0x000007fefc49c000 	C:\Windows\system32\VERSION.dll
0x0000000077590000 - 0x0000000077597000 	C:\Windows\system32\PSAPI.DLL
0x000007fefb2c0000 - 0x000007fefb2cf000 	C:\Program Files\Android\Android Studio\jre\jre\bin\verify.dll
0x000007fefb220000 - 0x000007fefb249000 	C:\Program Files\Android\Android Studio\jre\jre\bin\java.dll
0x000007fefa740000 - 0x000007fefa756000 	C:\Program Files\Android\Android Studio\jre\jre\bin\zip.dll
0x000007fefe3d0000 - 0x000007feff156000 	C:\Windows\system32\SHELL32.dll
0x000007fefe1c0000 - 0x000007fefe3c1000 	C:\Windows\system32\ole32.dll
0x000007fefd320000 - 0x000007fefd32f000 	C:\Windows\system32\profapi.dll
0x000007fefb1d0000 - 0x000007fefb1ea000 	C:\Program Files\Android\Android Studio\jre\jre\bin\net.dll
0x000007fefcb50000 - 0x000007fefcba4000 	C:\Windows\system32\mswsock.dll
0x000007fefcb40000 - 0x000007fefcb47000 	C:\Windows\System32\wship6.dll
0x000007fefa720000 - 0x000007fefa731000 	C:\Program Files\Android\Android Studio\jre\jre\bin\nio.dll
0x000007fefa9b0000 - 0x000007fefa9ce000 	C:\Users\admin\.gradle\native\25\windows-amd64\native-platform.dll
0x000007fefb210000 - 0x000007fefb21d000 	C:\Program Files\Android\Android Studio\jre\jre\bin\management.dll
0x000007fefcbb0000 - 0x000007fefcbc7000 	C:\Windows\system32\CRYPTSP.dll
0x000007fefc8b0000 - 0x000007fefc8f7000 	C:\Windows\system32\rsaenh.dll
0x000007fefc670000 - 0x000007fefc68e000 	C:\Windows\system32\USERENV.dll
0x000007fefd210000 - 0x000007fefd21f000 	C:\Windows\system32\CRYPTBASE.dll
0x000007fefa390000 - 0x000007fefa3b7000 	C:\Windows\system32\IPHLPAPI.DLL
0x000007fefa370000 - 0x000007fefa37b000 	C:\Windows\system32\WINNSI.DLL
0x000007fefa200000 - 0x000007fefa211000 	C:\Windows\system32\dhcpcsvc6.DLL
0x000007fefa1e0000 - 0x000007fefa1f8000 	C:\Windows\system32\dhcpcsvc.DLL
0x000007fefd1b0000 - 0x000007fefd207000 	C:\Windows\system32\apphelp.dll
0x000007fefa470000 - 0x000007fefa494000 	C:\Program Files\Android\Android Studio\jre\jre\bin\sunec.dll
0x000007fefc560000 - 0x000007fefc567000 	C:\Windows\System32\wshtcpip.dll
0x000007fefc9d0000 - 0x000007fefca2b000 	C:\Windows\system32\DNSAPI.dll
0x000007fef9050000 - 0x000007fef9058000 	C:\Windows\system32\rasadhlp.dll
0x000007fefa230000 - 0x000007fefa283000 	C:\Windows\System32\fwpuclnt.dll
0x000007fefa700000 - 0x000007fefa70b000 	C:\Program Files\Android\Android Studio\jre\jre\bin\sunmscapi.dll
0x000007fefd3f0000 - 0x000007fefd556000 	C:\Windows\system32\CRYPT32.dll
0x000007fefd3c0000 - 0x000007fefd3cf000 	C:\Windows\system32\MSASN1.dll
0x000007fefb2d0000 - 0x000007fefb2e1000 	C:\Windows\system32\feclient.dll
0x000007fefab50000 - 0x000007fefac75000 	C:\Windows\system32\dbghelp.dll

VM Arguments:
jvm_args: -Xmx1536m -Dfile.encoding=windows-1252 -Duser.country=US -Duser.language=en -Duser.variant 
java_command: org.gradle.launcher.daemon.bootstrap.GradleDaemon 4.6
java_class_path (initial): C:\Users\admin\.gradle\wrapper\dists\gradle-4.6-all\bcst21l2brirad8k2ben1letg\gradle-4.6\lib\gradle-launcher-4.6.jar
Launcher Type: SUN_STANDARD

Environment Variables:
PATH=C:\Windows\system32;C:\Windows;C:\Windows\System32\Wbem;C:\Windows\System32\WindowsPowerShell\v1.0\
USERNAME=admin
OS=Windows_NT
PROCESSOR_IDENTIFIER=Intel64 Family 6 Model 42 Stepping 7, GenuineIntel



---------------  S Y S T E M  ---------------

OS: Windows 7 , 64 bit Build 7600 (6.1.7600.16385)

CPU:total 4 (initial active 4) (2 cores per cpu, 2 threads per core) family 6 model 42 stepping 7, cmov, cx8, fxsr, mmx, sse, sse2, sse3, ssse3, sse4.1, sse4.2, popcnt, clmul, ht, tsc, tscinvbit

Memory: 4k page, physical 8077804k(1682392k free), swap 16153712k(9403996k free)

vm_info: OpenJDK 64-Bit Server VM (25.152-b02) for windows-amd64 JRE (1.8.0_152-release-1024-b02), built by "builder" with MS VC++ 10.0 (VS2010)

time: Wed Dec 05 20:15:21 2018
elapsed time: 24272 seconds (0d 6h 44m 32s)

